
===========================================================================
report_checks -unconstrained
============================================================================
Startpoint: io_in[36] (input port clocked by user_clock2)
Endpoint: mprj/io_in[36] (internal pin)
Path Group: (none)
Path Type: max

Fanout     Cap    Slew   Delay    Time   Description
-----------------------------------------------------------------------------
                          3.60    3.60 ^ input external delay
                  6.26    5.20    8.80 ^ io_in[36] (in)
     1    0.78                           io_in[36] (net)
                  7.21    0.00    8.80 ^ mprj/io_in[36] (user_proj_example)
                                  8.80   data arrival time
-----------------------------------------------------------------------------
(Path is unconstrained)



===========================================================================
report_checks --slack_max -0.01
============================================================================
No paths found.
