0-prep 0h0m3s372ms
1-opensta 0h0m1s304ms
1-yosys 0h0m0s329ms
3-yosys 0h0m0s291ms
4-verilog2def_openroad 0h0m1s332ms
8-pdn 0h0m1s488ms
10-pdn 0h0m1s536ms
12-pdn 0h0m1s517ms
14-pdn 0h0m1s573ms
15-replace 0h0m1s137ms
16-opendp 0h0m1s428ms
17-resizer_timing_optimization 0h0m3s427ms
18-write_verilog 0h0m1s68ms
18-resizer_timing_optimization_sta 0h0m1s627ms
20-addspacers 0h0m0s28ms
21-opendp 0h0m1s438ms
22-fastroute 0h0m2s844ms
23-write_verilog 0h0m1s100ms
24-tritonRoute 0h1m31s300ms
25-spef_extraction 0h0m1s800ms
25-spef_extraction_sta 0h0m1s562ms
28-write_verilog 0h0m1s106ms
32-magic_gen 0h0m37s706ms
33-klayout 0h0m2s994ms
35-klayout_xor 0h1m51s60ms
36-magic_ext_spice 0h0m17s668ms
37-lvs 0h0m0s135ms
38-magic_drc 0h4m33s96ms
40-or_antenna 0h0m1s82ms