Startpoint: wb_rst_i (input port clocked by wb_clk_i)
Endpoint: _38293_ (removal check against rising-edge clock wb_clk_i)
Path Group: **async_default**
Path Type: min

Fanout     Cap    Slew   Delay    Time   Description
-----------------------------------------------------------------------------
                  0.15    0.00    0.00   clock wb_clk_i (rise edge)
                          0.00    0.00   clock network delay (ideal)
                          3.60    3.60 ^ input external delay
                  3.98    2.56    6.16 ^ wb_rst_i (in)
    80    0.49                           wb_rst_i (net)
                  4.01    0.00    6.16 ^ _38293_/RESET_B (sky130_fd_sc_hd__dfrtp_2)
                                  6.16   data arrival time

                  0.15    0.00    0.00   clock wb_clk_i (rise edge)
                          0.00    0.00   clock network delay (ideal)
                          0.25    0.25   clock uncertainty
                          0.00    0.25   clock reconvergence pessimism
                                  0.25 ^ _38293_/CLK (sky130_fd_sc_hd__dfrtp_2)
                          6.98    7.23   library removal time
                                  7.23   data required time
-----------------------------------------------------------------------------
                                  7.23   data required time
                                 -6.16   data arrival time
-----------------------------------------------------------------------------
                                 -1.07   slack (VIOLATED)


Startpoint: io_in[35] (input port clocked by wb_clk_i)
Endpoint: _36609_ (rising edge-triggered flip-flop clocked by wb_clk_i)
Path Group: wb_clk_i
Path Type: min

Fanout     Cap    Slew   Delay    Time   Description
-----------------------------------------------------------------------------
                  0.15    0.00    0.00   clock wb_clk_i (rise edge)
                          0.00    0.00   clock network delay (ideal)
                          3.60    3.60 v input external delay
                  0.04    0.02    3.62 v io_in[35] (in)
     1    0.01                           io_in[35] (net)
                  0.04    0.00    3.62 v _36609_/D (sky130_fd_sc_hd__dfxtp_2)
                                  3.62   data arrival time

                  0.15    0.00    0.00   clock wb_clk_i (rise edge)
                          0.00    0.00   clock network delay (ideal)
                          0.25    0.25   clock uncertainty
                          0.00    0.25   clock reconvergence pessimism
                                  0.25 ^ _36609_/CLK (sky130_fd_sc_hd__dfxtp_2)
                          4.75    5.00   library hold time
                                  5.00   data required time
-----------------------------------------------------------------------------
                                  5.00   data required time
                                 -3.62   data arrival time
-----------------------------------------------------------------------------
                                 -1.37   slack (VIOLATED)


Startpoint: wb_rst_i (input port clocked by wb_clk_i)
Endpoint: _38320_ (recovery check against rising-edge clock wb_clk_i)
Path Group: **async_default**
Path Type: max

Fanout     Cap    Slew   Delay    Time   Description
-----------------------------------------------------------------------------
                  0.15    0.00    0.00   clock wb_clk_i (rise edge)
                          0.00    0.00   clock network delay (ideal)
                          3.60    3.60 ^ input external delay
                  3.98    3.14    6.74 ^ wb_rst_i (in)
    80    0.49                           wb_rst_i (net)
                  4.02    0.00    6.74 ^ _38320_/SET_B (sky130_fd_sc_hd__dfstp_2)
                                  6.74   data arrival time

                  0.15   18.00   18.00   clock wb_clk_i (rise edge)
                          0.00   18.00   clock network delay (ideal)
                         -0.25   17.75   clock uncertainty
                          0.00   17.75   clock reconvergence pessimism
                                 17.75 ^ _38320_/CLK (sky130_fd_sc_hd__dfstp_2)
                          6.20   23.95   library recovery time
                                 23.95   data required time
-----------------------------------------------------------------------------
                                 23.95   data required time
                                 -6.74   data arrival time
-----------------------------------------------------------------------------
                                 17.20   slack (MET)


Startpoint: _37640_ (rising edge-triggered flip-flop clocked by wb_clk_i)
Endpoint: la_data_out[71] (output port clocked by wb_clk_i)
Path Group: wb_clk_i
Path Type: max

Fanout     Cap    Slew   Delay    Time   Description
-----------------------------------------------------------------------------
                  0.15    0.00    0.00   clock wb_clk_i (rise edge)
                          0.00    0.00   clock network delay (ideal)
                  0.15    0.00    0.00 ^ _37640_/CLK (sky130_fd_sc_hd__dfxtp_2)
                  1.07    8.57    8.57 ^ _37640_/Q (sky130_fd_sc_hd__dfxtp_2)
    58    0.27                           dtop.u1.genblk1[7].krd.o_encrypt (net)
                  1.07    0.00    8.57 ^ _35570_/S (sky130_fd_sc_hd__mux2_1)
                  0.69    0.80    9.37 ^ _35570_/X (sky130_fd_sc_hd__mux2_1)
     4    0.04                           la_data_out[71] (net)
                  0.69    0.01    9.38 ^ la_data_out[71] (out)
                                  9.38   data arrival time

                  0.15   18.00   18.00   clock wb_clk_i (rise edge)
                          0.00   18.00   clock network delay (ideal)
                         -0.25   17.75   clock uncertainty
                          0.00   17.75   clock reconvergence pessimism
                         -3.60   14.15   output external delay
                                 14.15   data required time
-----------------------------------------------------------------------------
                                 14.15   data required time
                                 -9.38   data arrival time
-----------------------------------------------------------------------------
                                  4.77   slack (MET)


