
===========================================================================
report_checks -path_delay max (Setup)
============================================================================
Startpoint: wb_rst_i (input port clocked by wb_clk_i)
Endpoint: _38320_ (recovery check against rising-edge clock wb_clk_i)
Path Group: **async_default**
Path Type: max

Fanout     Cap    Slew   Delay    Time   Description
-----------------------------------------------------------------------------
                  0.15    0.00    0.00   clock wb_clk_i (rise edge)
                          0.00    0.00   clock network delay (ideal)
                          3.60    3.60 ^ input external delay
                  0.07    0.05    3.65 ^ wb_rst_i (in)
     1    0.01                           wb_rst_i (net)
                  0.07    0.00    3.65 ^ input12/A (sky130_fd_sc_hd__clkbuf_16)
                  0.25    0.32    3.97 ^ input12/X (sky130_fd_sc_hd__clkbuf_16)
    80    0.23                           net12 (net)
                  0.25    0.00    3.97 ^ _38320_/SET_B (sky130_fd_sc_hd__dfstp_1)
                                  3.97   data arrival time

                  0.15   18.00   18.00   clock wb_clk_i (rise edge)
                          0.00   18.00   clock network delay (ideal)
                         -0.25   17.75   clock uncertainty
                          0.00   17.75   clock reconvergence pessimism
                                 17.75 ^ _38320_/CLK (sky130_fd_sc_hd__dfstp_1)
                          0.15   17.90   library recovery time
                                 17.90   data required time
-----------------------------------------------------------------------------
                                 17.90   data required time
                                 -3.97   data arrival time
-----------------------------------------------------------------------------
                                 13.93   slack (MET)


Startpoint: wb_rst_i (input port clocked by wb_clk_i)
Endpoint: _38311_ (recovery check against rising-edge clock wb_clk_i)
Path Group: **async_default**
Path Type: max

Fanout     Cap    Slew   Delay    Time   Description
-----------------------------------------------------------------------------
                  0.15    0.00    0.00   clock wb_clk_i (rise edge)
                          0.00    0.00   clock network delay (ideal)
                          3.60    3.60 ^ input external delay
                  0.07    0.05    3.65 ^ wb_rst_i (in)
     1    0.01                           wb_rst_i (net)
                  0.07    0.00    3.65 ^ input12/A (sky130_fd_sc_hd__clkbuf_16)
                  0.25    0.32    3.97 ^ input12/X (sky130_fd_sc_hd__clkbuf_16)
    80    0.23                           net12 (net)
                  0.25    0.00    3.97 ^ _38311_/RESET_B (sky130_fd_sc_hd__dfrtp_4)
                                  3.97   data arrival time

                  0.15   18.00   18.00   clock wb_clk_i (rise edge)
                          0.00   18.00   clock network delay (ideal)
                         -0.25   17.75   clock uncertainty
                          0.00   17.75   clock reconvergence pessimism
                                 17.75 ^ _38311_/CLK (sky130_fd_sc_hd__dfrtp_4)
                          0.18   17.93   library recovery time
                                 17.93   data required time
-----------------------------------------------------------------------------
                                 17.93   data required time
                                 -3.97   data arrival time
-----------------------------------------------------------------------------
                                 13.97   slack (MET)


Startpoint: wb_rst_i (input port clocked by wb_clk_i)
Endpoint: _38312_ (recovery check against rising-edge clock wb_clk_i)
Path Group: **async_default**
Path Type: max

Fanout     Cap    Slew   Delay    Time   Description
-----------------------------------------------------------------------------
                  0.15    0.00    0.00   clock wb_clk_i (rise edge)
                          0.00    0.00   clock network delay (ideal)
                          3.60    3.60 ^ input external delay
                  0.07    0.05    3.65 ^ wb_rst_i (in)
     1    0.01                           wb_rst_i (net)
                  0.07    0.00    3.65 ^ input12/A (sky130_fd_sc_hd__clkbuf_16)
                  0.25    0.32    3.97 ^ input12/X (sky130_fd_sc_hd__clkbuf_16)
    80    0.23                           net12 (net)
                  0.25    0.00    3.97 ^ _38312_/RESET_B (sky130_fd_sc_hd__dfrtp_4)
                                  3.97   data arrival time

                  0.15   18.00   18.00   clock wb_clk_i (rise edge)
                          0.00   18.00   clock network delay (ideal)
                         -0.25   17.75   clock uncertainty
                          0.00   17.75   clock reconvergence pessimism
                                 17.75 ^ _38312_/CLK (sky130_fd_sc_hd__dfrtp_4)
                          0.18   17.93   library recovery time
                                 17.93   data required time
-----------------------------------------------------------------------------
                                 17.93   data required time
                                 -3.97   data arrival time
-----------------------------------------------------------------------------
                                 13.97   slack (MET)


Startpoint: wb_rst_i (input port clocked by wb_clk_i)
Endpoint: _38313_ (recovery check against rising-edge clock wb_clk_i)
Path Group: **async_default**
Path Type: max

Fanout     Cap    Slew   Delay    Time   Description
-----------------------------------------------------------------------------
                  0.15    0.00    0.00   clock wb_clk_i (rise edge)
                          0.00    0.00   clock network delay (ideal)
                          3.60    3.60 ^ input external delay
                  0.07    0.05    3.65 ^ wb_rst_i (in)
     1    0.01                           wb_rst_i (net)
                  0.07    0.00    3.65 ^ input12/A (sky130_fd_sc_hd__clkbuf_16)
                  0.25    0.32    3.97 ^ input12/X (sky130_fd_sc_hd__clkbuf_16)
    80    0.23                           net12 (net)
                  0.25    0.00    3.97 ^ _38313_/RESET_B (sky130_fd_sc_hd__dfrtp_4)
                                  3.97   data arrival time

                  0.15   18.00   18.00   clock wb_clk_i (rise edge)
                          0.00   18.00   clock network delay (ideal)
                         -0.25   17.75   clock uncertainty
                          0.00   17.75   clock reconvergence pessimism
                                 17.75 ^ _38313_/CLK (sky130_fd_sc_hd__dfrtp_4)
                          0.18   17.93   library recovery time
                                 17.93   data required time
-----------------------------------------------------------------------------
                                 17.93   data required time
                                 -3.97   data arrival time
-----------------------------------------------------------------------------
                                 13.97   slack (MET)


Startpoint: wb_rst_i (input port clocked by wb_clk_i)
Endpoint: _38314_ (recovery check against rising-edge clock wb_clk_i)
Path Group: **async_default**
Path Type: max

Fanout     Cap    Slew   Delay    Time   Description
-----------------------------------------------------------------------------
                  0.15    0.00    0.00   clock wb_clk_i (rise edge)
                          0.00    0.00   clock network delay (ideal)
                          3.60    3.60 ^ input external delay
                  0.07    0.05    3.65 ^ wb_rst_i (in)
     1    0.01                           wb_rst_i (net)
                  0.07    0.00    3.65 ^ input12/A (sky130_fd_sc_hd__clkbuf_16)
                  0.25    0.32    3.97 ^ input12/X (sky130_fd_sc_hd__clkbuf_16)
    80    0.23                           net12 (net)
                  0.25    0.00    3.97 ^ _38314_/RESET_B (sky130_fd_sc_hd__dfrtp_4)
                                  3.97   data arrival time

                  0.15   18.00   18.00   clock wb_clk_i (rise edge)
                          0.00   18.00   clock network delay (ideal)
                         -0.25   17.75   clock uncertainty
                          0.00   17.75   clock reconvergence pessimism
                                 17.75 ^ _38314_/CLK (sky130_fd_sc_hd__dfrtp_4)
                          0.18   17.93   library recovery time
                                 17.93   data required time
-----------------------------------------------------------------------------
                                 17.93   data required time
                                 -3.97   data arrival time
-----------------------------------------------------------------------------
                                 13.97   slack (MET)


Startpoint: wb_rst_i (input port clocked by wb_clk_i)
Endpoint: io_oeb[0] (output port clocked by wb_clk_i)
Path Group: wb_clk_i
Path Type: max

Fanout     Cap    Slew   Delay    Time   Description
-----------------------------------------------------------------------------
                  0.15    0.00    0.00   clock wb_clk_i (rise edge)
                          0.00    0.00   clock network delay (ideal)
                          3.60    3.60 ^ input external delay
                  0.07    0.05    3.65 ^ wb_rst_i (in)
     1    0.01                           wb_rst_i (net)
                  0.07    0.00    3.65 ^ input12/A (sky130_fd_sc_hd__clkbuf_16)
                  0.25    0.32    3.97 ^ input12/X (sky130_fd_sc_hd__clkbuf_16)
    80    0.23                           net12 (net)
                  0.25    0.00    3.97 ^ _35526_/A (sky130_fd_sc_hd__clkbuf_1)
                  0.04    0.12    4.09 ^ _35526_/X (sky130_fd_sc_hd__clkbuf_1)
     1    0.00                           net80 (net)
                  0.04    0.00    4.09 ^ output80/A (sky130_fd_sc_hd__buf_2)
                  0.17    0.21    4.30 ^ output80/X (sky130_fd_sc_hd__buf_2)
     1    0.03                           io_oeb[0] (net)
                  0.17    0.00    4.30 ^ io_oeb[0] (out)
                                  4.30   data arrival time

                  0.15   18.00   18.00   clock wb_clk_i (rise edge)
                          0.00   18.00   clock network delay (ideal)
                         -0.25   17.75   clock uncertainty
                          0.00   17.75   clock reconvergence pessimism
                         -3.60   14.15   output external delay
                                 14.15   data required time
-----------------------------------------------------------------------------
                                 14.15   data required time
                                 -4.30   data arrival time
-----------------------------------------------------------------------------
                                  9.85   slack (MET)


Startpoint: wb_rst_i (input port clocked by wb_clk_i)
Endpoint: io_oeb[10] (output port clocked by wb_clk_i)
Path Group: wb_clk_i
Path Type: max

Fanout     Cap    Slew   Delay    Time   Description
-----------------------------------------------------------------------------
                  0.15    0.00    0.00   clock wb_clk_i (rise edge)
                          0.00    0.00   clock network delay (ideal)
                          3.60    3.60 ^ input external delay
                  0.07    0.05    3.65 ^ wb_rst_i (in)
     1    0.01                           wb_rst_i (net)
                  0.07    0.00    3.65 ^ input12/A (sky130_fd_sc_hd__clkbuf_16)
                  0.25    0.32    3.97 ^ input12/X (sky130_fd_sc_hd__clkbuf_16)
    80    0.23                           net12 (net)
                  0.25    0.00    3.97 ^ _35536_/A (sky130_fd_sc_hd__clkbuf_1)
                  0.04    0.12    4.09 ^ _35536_/X (sky130_fd_sc_hd__clkbuf_1)
     1    0.00                           net81 (net)
                  0.04    0.00    4.09 ^ output81/A (sky130_fd_sc_hd__buf_2)
                  0.17    0.21    4.30 ^ output81/X (sky130_fd_sc_hd__buf_2)
     1    0.03                           io_oeb[10] (net)
                  0.17    0.00    4.30 ^ io_oeb[10] (out)
                                  4.30   data arrival time

                  0.15   18.00   18.00   clock wb_clk_i (rise edge)
                          0.00   18.00   clock network delay (ideal)
                         -0.25   17.75   clock uncertainty
                          0.00   17.75   clock reconvergence pessimism
                         -3.60   14.15   output external delay
                                 14.15   data required time
-----------------------------------------------------------------------------
                                 14.15   data required time
                                 -4.30   data arrival time
-----------------------------------------------------------------------------
                                  9.85   slack (MET)


Startpoint: wb_rst_i (input port clocked by wb_clk_i)
Endpoint: io_oeb[11] (output port clocked by wb_clk_i)
Path Group: wb_clk_i
Path Type: max

Fanout     Cap    Slew   Delay    Time   Description
-----------------------------------------------------------------------------
                  0.15    0.00    0.00   clock wb_clk_i (rise edge)
                          0.00    0.00   clock network delay (ideal)
                          3.60    3.60 ^ input external delay
                  0.07    0.05    3.65 ^ wb_rst_i (in)
     1    0.01                           wb_rst_i (net)
                  0.07    0.00    3.65 ^ input12/A (sky130_fd_sc_hd__clkbuf_16)
                  0.25    0.32    3.97 ^ input12/X (sky130_fd_sc_hd__clkbuf_16)
    80    0.23                           net12 (net)
                  0.25    0.00    3.97 ^ _35537_/A (sky130_fd_sc_hd__clkbuf_1)
                  0.04    0.12    4.09 ^ _35537_/X (sky130_fd_sc_hd__clkbuf_1)
     1    0.00                           net82 (net)
                  0.04    0.00    4.09 ^ output82/A (sky130_fd_sc_hd__buf_2)
                  0.17    0.21    4.30 ^ output82/X (sky130_fd_sc_hd__buf_2)
     1    0.03                           io_oeb[11] (net)
                  0.17    0.00    4.30 ^ io_oeb[11] (out)
                                  4.30   data arrival time

                  0.15   18.00   18.00   clock wb_clk_i (rise edge)
                          0.00   18.00   clock network delay (ideal)
                         -0.25   17.75   clock uncertainty
                          0.00   17.75   clock reconvergence pessimism
                         -3.60   14.15   output external delay
                                 14.15   data required time
-----------------------------------------------------------------------------
                                 14.15   data required time
                                 -4.30   data arrival time
-----------------------------------------------------------------------------
                                  9.85   slack (MET)


Startpoint: wb_rst_i (input port clocked by wb_clk_i)
Endpoint: io_oeb[12] (output port clocked by wb_clk_i)
Path Group: wb_clk_i
Path Type: max

Fanout     Cap    Slew   Delay    Time   Description
-----------------------------------------------------------------------------
                  0.15    0.00    0.00   clock wb_clk_i (rise edge)
                          0.00    0.00   clock network delay (ideal)
                          3.60    3.60 ^ input external delay
                  0.07    0.05    3.65 ^ wb_rst_i (in)
     1    0.01                           wb_rst_i (net)
                  0.07    0.00    3.65 ^ input12/A (sky130_fd_sc_hd__clkbuf_16)
                  0.25    0.32    3.97 ^ input12/X (sky130_fd_sc_hd__clkbuf_16)
    80    0.23                           net12 (net)
                  0.25    0.00    3.97 ^ _35538_/A (sky130_fd_sc_hd__clkbuf_1)
                  0.04    0.12    4.09 ^ _35538_/X (sky130_fd_sc_hd__clkbuf_1)
     1    0.00                           net83 (net)
                  0.04    0.00    4.09 ^ output83/A (sky130_fd_sc_hd__buf_2)
                  0.17    0.21    4.30 ^ output83/X (sky130_fd_sc_hd__buf_2)
     1    0.03                           io_oeb[12] (net)
                  0.17    0.00    4.30 ^ io_oeb[12] (out)
                                  4.30   data arrival time

                  0.15   18.00   18.00   clock wb_clk_i (rise edge)
                          0.00   18.00   clock network delay (ideal)
                         -0.25   17.75   clock uncertainty
                          0.00   17.75   clock reconvergence pessimism
                         -3.60   14.15   output external delay
                                 14.15   data required time
-----------------------------------------------------------------------------
                                 14.15   data required time
                                 -4.30   data arrival time
-----------------------------------------------------------------------------
                                  9.85   slack (MET)


Startpoint: wb_rst_i (input port clocked by wb_clk_i)
Endpoint: io_oeb[13] (output port clocked by wb_clk_i)
Path Group: wb_clk_i
Path Type: max

Fanout     Cap    Slew   Delay    Time   Description
-----------------------------------------------------------------------------
                  0.15    0.00    0.00   clock wb_clk_i (rise edge)
                          0.00    0.00   clock network delay (ideal)
                          3.60    3.60 ^ input external delay
                  0.07    0.05    3.65 ^ wb_rst_i (in)
     1    0.01                           wb_rst_i (net)
                  0.07    0.00    3.65 ^ input12/A (sky130_fd_sc_hd__clkbuf_16)
                  0.25    0.32    3.97 ^ input12/X (sky130_fd_sc_hd__clkbuf_16)
    80    0.23                           net12 (net)
                  0.25    0.00    3.97 ^ _35539_/A (sky130_fd_sc_hd__clkbuf_1)
                  0.04    0.12    4.09 ^ _35539_/X (sky130_fd_sc_hd__clkbuf_1)
     1    0.00                           net84 (net)
                  0.04    0.00    4.09 ^ output84/A (sky130_fd_sc_hd__buf_2)
                  0.17    0.21    4.30 ^ output84/X (sky130_fd_sc_hd__buf_2)
     1    0.03                           io_oeb[13] (net)
                  0.17    0.00    4.30 ^ io_oeb[13] (out)
                                  4.30   data arrival time

                  0.15   18.00   18.00   clock wb_clk_i (rise edge)
                          0.00   18.00   clock network delay (ideal)
                         -0.25   17.75   clock uncertainty
                          0.00   17.75   clock reconvergence pessimism
                         -3.60   14.15   output external delay
                                 14.15   data required time
-----------------------------------------------------------------------------
                                 14.15   data required time
                                 -4.30   data arrival time
-----------------------------------------------------------------------------
                                  9.85   slack (MET)


