
===========================================================================
report_checks -path_delay min (Hold)
============================================================================
Startpoint: _37153_ (rising edge-triggered flip-flop clocked by wb_clk_i)
Endpoint: _36223_ (rising edge-triggered flip-flop clocked by wb_clk_i)
Path Group: wb_clk_i
Path Type: min

Fanout     Cap    Slew   Delay    Time   Description
-----------------------------------------------------------------------------
                  0.15    0.00    0.00   clock wb_clk_i (rise edge)
                          0.00    0.00   clock network delay (ideal)
                  0.15    0.00    0.00 ^ _37153_/CLK (sky130_fd_sc_hd__dfxtp_1)
                  0.04    0.30    0.30 v _37153_/Q (sky130_fd_sc_hd__dfxtp_1)
     1    0.00                           dtop.u1.genblk1[6].rd.o_ciphertext[21] (net)
                  0.04    0.00    0.30 v _31532_/A (sky130_fd_sc_hd__clkinv_2)
                  0.03    0.04    0.34 ^ _31532_/Y (sky130_fd_sc_hd__clkinv_2)
     3    0.01                           _11241_ (net)
                  0.03    0.00    0.34 ^ _31533_/B (sky130_fd_sc_hd__nor2_1)
                  0.02    0.02    0.36 v _31533_/Y (sky130_fd_sc_hd__nor2_1)
     1    0.00                           _01172_ (net)
                  0.02    0.00    0.36 v _36223_/D (sky130_fd_sc_hd__dfxtp_2)
                                  0.36   data arrival time

                  0.15    0.00    0.00   clock wb_clk_i (rise edge)
                          0.00    0.00   clock network delay (ideal)
                          0.25    0.25   clock uncertainty
                          0.00    0.25   clock reconvergence pessimism
                                  0.25 ^ _36223_/CLK (sky130_fd_sc_hd__dfxtp_2)
                         -0.01    0.24   library hold time
                                  0.24   data required time
-----------------------------------------------------------------------------
                                  0.24   data required time
                                 -0.36   data arrival time
-----------------------------------------------------------------------------
                                  0.12   slack (MET)


Startpoint: _37158_ (rising edge-triggered flip-flop clocked by wb_clk_i)
Endpoint: _36228_ (rising edge-triggered flip-flop clocked by wb_clk_i)
Path Group: wb_clk_i
Path Type: min

Fanout     Cap    Slew   Delay    Time   Description
-----------------------------------------------------------------------------
                  0.15    0.00    0.00   clock wb_clk_i (rise edge)
                          0.00    0.00   clock network delay (ideal)
                  0.15    0.00    0.00 ^ _37158_/CLK (sky130_fd_sc_hd__dfxtp_1)
                  0.04    0.30    0.30 v _37158_/Q (sky130_fd_sc_hd__dfxtp_1)
     1    0.00                           dtop.u1.genblk1[6].rd.o_ciphertext[26] (net)
                  0.04    0.00    0.30 v _31521_/A (sky130_fd_sc_hd__clkinv_2)
                  0.03    0.04    0.34 ^ _31521_/Y (sky130_fd_sc_hd__clkinv_2)
     3    0.01                           _11235_ (net)
                  0.03    0.00    0.34 ^ _31522_/B (sky130_fd_sc_hd__nor2_1)
                  0.02    0.02    0.36 v _31522_/Y (sky130_fd_sc_hd__nor2_1)
     1    0.00                           _01177_ (net)
                  0.02    0.00    0.36 v _36228_/D (sky130_fd_sc_hd__dfxtp_2)
                                  0.36   data arrival time

                  0.15    0.00    0.00   clock wb_clk_i (rise edge)
                          0.00    0.00   clock network delay (ideal)
                          0.25    0.25   clock uncertainty
                          0.00    0.25   clock reconvergence pessimism
                                  0.25 ^ _36228_/CLK (sky130_fd_sc_hd__dfxtp_2)
                         -0.01    0.24   library hold time
                                  0.24   data required time
-----------------------------------------------------------------------------
                                  0.24   data required time
                                 -0.36   data arrival time
-----------------------------------------------------------------------------
                                  0.12   slack (MET)


Startpoint: _37022_ (rising edge-triggered flip-flop clocked by wb_clk_i)
Endpoint: _37118_ (rising edge-triggered flip-flop clocked by wb_clk_i)
Path Group: wb_clk_i
Path Type: min

Fanout     Cap    Slew   Delay    Time   Description
-----------------------------------------------------------------------------
                  0.15    0.00    0.00   clock wb_clk_i (rise edge)
                          0.00    0.00   clock network delay (ideal)
                  0.15    0.00    0.00 ^ _37022_/CLK (sky130_fd_sc_hd__dfxtp_1)
                  0.04    0.30    0.30 v _37022_/Q (sky130_fd_sc_hd__dfxtp_1)
     1    0.00                           dtop.u1.genblk1[4].rd.o_ciphertext[18] (net)
                  0.04    0.00    0.30 v _18271_/A (sky130_fd_sc_hd__clkinv_2)
                  0.03    0.04    0.34 ^ _18271_/Y (sky130_fd_sc_hd__clkinv_2)
     3    0.01                           _13736_ (net)
                  0.03    0.00    0.34 ^ _18272_/B (sky130_fd_sc_hd__nor2_1)
                  0.02    0.02    0.36 v _18272_/Y (sky130_fd_sc_hd__nor2_1)
     1    0.00                           _02067_ (net)
                  0.02    0.00    0.36 v _37118_/D (sky130_fd_sc_hd__dfxtp_2)
                                  0.36   data arrival time

                  0.15    0.00    0.00   clock wb_clk_i (rise edge)
                          0.00    0.00   clock network delay (ideal)
                          0.25    0.25   clock uncertainty
                          0.00    0.25   clock reconvergence pessimism
                                  0.25 ^ _37118_/CLK (sky130_fd_sc_hd__dfxtp_2)
                         -0.01    0.24   library hold time
                                  0.24   data required time
-----------------------------------------------------------------------------
                                  0.24   data required time
                                 -0.36   data arrival time
-----------------------------------------------------------------------------
                                  0.12   slack (MET)


Startpoint: _37029_ (rising edge-triggered flip-flop clocked by wb_clk_i)
Endpoint: _37125_ (rising edge-triggered flip-flop clocked by wb_clk_i)
Path Group: wb_clk_i
Path Type: min

Fanout     Cap    Slew   Delay    Time   Description
-----------------------------------------------------------------------------
                  0.15    0.00    0.00   clock wb_clk_i (rise edge)
                          0.00    0.00   clock network delay (ideal)
                  0.15    0.00    0.00 ^ _37029_/CLK (sky130_fd_sc_hd__dfxtp_1)
                  0.04    0.30    0.30 v _37029_/Q (sky130_fd_sc_hd__dfxtp_1)
     1    0.00                           dtop.u1.genblk1[4].rd.o_ciphertext[25] (net)
                  0.04    0.00    0.30 v _18256_/A (sky130_fd_sc_hd__clkinv_2)
                  0.03    0.04    0.34 ^ _18256_/Y (sky130_fd_sc_hd__clkinv_2)
     3    0.01                           _13728_ (net)
                  0.03    0.00    0.34 ^ _18257_/B (sky130_fd_sc_hd__nor2_1)
                  0.02    0.02    0.36 v _18257_/Y (sky130_fd_sc_hd__nor2_1)
     1    0.00                           _02074_ (net)
                  0.02    0.00    0.36 v _37125_/D (sky130_fd_sc_hd__dfxtp_2)
                                  0.36   data arrival time

                  0.15    0.00    0.00   clock wb_clk_i (rise edge)
                          0.00    0.00   clock network delay (ideal)
                          0.25    0.25   clock uncertainty
                          0.00    0.25   clock reconvergence pessimism
                                  0.25 ^ _37125_/CLK (sky130_fd_sc_hd__dfxtp_2)
                         -0.01    0.24   library hold time
                                  0.24   data required time
-----------------------------------------------------------------------------
                                  0.24   data required time
                                 -0.36   data arrival time
-----------------------------------------------------------------------------
                                  0.12   slack (MET)


Startpoint: _37146_ (rising edge-triggered flip-flop clocked by wb_clk_i)
Endpoint: _36216_ (rising edge-triggered flip-flop clocked by wb_clk_i)
Path Group: wb_clk_i
Path Type: min

Fanout     Cap    Slew   Delay    Time   Description
-----------------------------------------------------------------------------
                  0.15    0.00    0.00   clock wb_clk_i (rise edge)
                          0.00    0.00   clock network delay (ideal)
                  0.15    0.00    0.00 ^ _37146_/CLK (sky130_fd_sc_hd__dfxtp_1)
                  0.04    0.30    0.30 v _37146_/Q (sky130_fd_sc_hd__dfxtp_1)
     1    0.00                           dtop.u1.genblk1[6].rd.o_ciphertext[14] (net)
                  0.04    0.00    0.30 v _31547_/A (sky130_fd_sc_hd__clkinv_2)
                  0.03    0.04    0.34 ^ _31547_/Y (sky130_fd_sc_hd__clkinv_2)
     3    0.01                           _11249_ (net)
                  0.03    0.00    0.34 ^ _31548_/B (sky130_fd_sc_hd__nor2_1)
                  0.01    0.02    0.36 v _31548_/Y (sky130_fd_sc_hd__nor2_1)
     1    0.00                           _01165_ (net)
                  0.01    0.00    0.36 v _36216_/D (sky130_fd_sc_hd__dfxtp_4)
                                  0.36   data arrival time

                  0.15    0.00    0.00   clock wb_clk_i (rise edge)
                          0.00    0.00   clock network delay (ideal)
                          0.25    0.25   clock uncertainty
                          0.00    0.25   clock reconvergence pessimism
                                  0.25 ^ _36216_/CLK (sky130_fd_sc_hd__dfxtp_4)
                         -0.01    0.24   library hold time
                                  0.24   data required time
-----------------------------------------------------------------------------
                                  0.24   data required time
                                 -0.36   data arrival time
-----------------------------------------------------------------------------
                                  0.13   slack (MET)


