"polygons" in: met_min_ca_density.lydrc:35
    Polygons (raw): 570757 (flat)  76395 (hierarchical)
    Elapsed: 0.070s  Memory: 606.00M
"polygons" in: met_min_ca_density.lydrc:36
    Polygons (raw): 930678 (flat)  76616 (hierarchical)
    Elapsed: 0.070s  Memory: 608.00M
"polygons" in: met_min_ca_density.lydrc:38
    Polygons (raw): 687513 (flat)  379638 (hierarchical)
    Elapsed: 0.190s  Memory: 622.00M
"polygons" in: met_min_ca_density.lydrc:39
    Polygons (raw): 92197 (flat)  92197 (hierarchical)
    Elapsed: 0.070s  Memory: 622.00M
"polygons" in: met_min_ca_density.lydrc:41
    Polygons (raw): 158804 (flat)  158804 (hierarchical)
    Elapsed: 0.100s  Memory: 625.00M
"polygons" in: met_min_ca_density.lydrc:42
    Polygons (raw): 9831 (flat)  9831 (hierarchical)
    Elapsed: 0.030s  Memory: 625.00M
"polygons" in: met_min_ca_density.lydrc:44
    Polygons (raw): 13329 (flat)  13329 (hierarchical)
    Elapsed: 0.030s  Memory: 625.00M
"polygons" in: met_min_ca_density.lydrc:45
    Polygons (raw): 5528 (flat)  5528 (hierarchical)
    Elapsed: 0.030s  Memory: 625.00M
"polygons" in: met_min_ca_density.lydrc:47
    Polygons (raw): 678 (flat)  678 (hierarchical)
    Elapsed: 0.020s  Memory: 625.00M
"polygons" in: met_min_ca_density.lydrc:48
    Polygons (raw): 0 (flat)  0 (hierarchical)
    Elapsed: 0.010s  Memory: 625.00M
"polygons" in: met_min_ca_density.lydrc:49
    Polygons (raw): 12060 (flat)  12060 (hierarchical)
    Elapsed: 0.010s  Memory: 625.00M
"polygons" in: met_min_ca_density.lydrc:51
    Polygons (raw): 344 (flat)  344 (hierarchical)
    Elapsed: 0.010s  Memory: 625.00M
"input" in: met_min_ca_density.lydrc:53
    Polygons (raw): 2 (flat)  2 (hierarchical)
    Elapsed: 0.030s  Memory: 625.00M
"area" in: met_min_ca_density.lydrc:55
    Elapsed: 0.040s  Memory: 629.00M
"polygons" in: met_min_ca_density.lydrc:59
    Polygons (raw): 570757 (flat)  76395 (hierarchical)
    Elapsed: 0.060s  Memory: 629.00M
"area" in: met_min_ca_density.lydrc:59
    Elapsed: 5.050s  Memory: 722.00M
li1_ca_density is 0.963565353362391
"polygons" in: met_min_ca_density.lydrc:69
    Polygons (raw): 687513 (flat)  379638 (hierarchical)
    Elapsed: 0.200s  Memory: 722.00M
"area" in: met_min_ca_density.lydrc:69
    Elapsed: 4.930s  Memory: 710.00M
m1_ca_density is 0.9795594525266579
"polygons" in: met_min_ca_density.lydrc:79
    Polygons (raw): 158804 (flat)  158804 (hierarchical)
    Elapsed: 0.100s  Memory: 710.00M
"area" in: met_min_ca_density.lydrc:79
    Elapsed: 0.740s  Memory: 736.00M
m2_ca_density is 0.980785265812286
"polygons" in: met_min_ca_density.lydrc:89
    Polygons (raw): 13329 (flat)  13329 (hierarchical)
    Elapsed: 0.030s  Memory: 736.00M
"area" in: met_min_ca_density.lydrc:89
    Elapsed: 0.080s  Memory: 736.00M
m3_ca_density is 0.9969485841157184
"polygons" in: met_min_ca_density.lydrc:99
    Polygons (raw): 678 (flat)  678 (hierarchical)
    Elapsed: 0.020s  Memory: 736.00M
"area" in: met_min_ca_density.lydrc:99
    Elapsed: 0.040s  Memory: 736.00M
m4_ca_density is 0.849602881362858
"polygons" in: met_min_ca_density.lydrc:109
    Polygons (raw): 344 (flat)  344 (hierarchical)
    Elapsed: 0.000s  Memory: 736.00M
"area" in: met_min_ca_density.lydrc:109
    Elapsed: 0.030s  Memory: 736.00M
m5_ca_density is 0.8455329452054794
Writing report database: /home/derek/mpw_proj/caravel_des/precheck_results/12_DEC_2021___02_42_29/outputs/reports/klayout_met_min_ca_density_check.xml ..
Total elapsed: 12.770s  Memory: 728.00M
