/home/derek/mpw_precheck/checks/tech-files/sky130A_mr.drc:37: warning: already initialized constant DRC::DRCEngine::BEOL
/home/derek/mpw_precheck/checks/tech-files/sky130A_mr.drc:29: warning: previous definition of BEOL was here
"input" in: sky130A_mr.drc:85
    Polygons (raw): 132495 (flat)  246 (hierarchical)
    Elapsed: 0.060s  Memory: 604.00M
"polygons" in: sky130A_mr.drc:86
    Polygons (raw): 15064 (flat)  2 (hierarchical)
    Elapsed: 0.040s  Memory: 604.00M
"polygons" in: sky130A_mr.drc:87
    Polygons (raw): 74481 (flat)  94 (hierarchical)
    Elapsed: 0.040s  Memory: 604.00M
"polygons" in: sky130A_mr.drc:88
    Polygons (raw): 0 (flat)  0 (hierarchical)
    Elapsed: 0.020s  Memory: 604.00M
"polygons" in: sky130A_mr.drc:89
    Polygons (raw): 0 (flat)  0 (hierarchical)
    Elapsed: 0.010s  Memory: 604.00M
"polygons" in: sky130A_mr.drc:90
    Polygons (raw): 0 (flat)  0 (hierarchical)
    Elapsed: 0.010s  Memory: 604.00M
"polygons" in: sky130A_mr.drc:91
    Polygons (raw): 0 (flat)  0 (hierarchical)
    Elapsed: 0.010s  Memory: 604.00M
"polygons" in: sky130A_mr.drc:92
    Polygons (raw): 0 (flat)  0 (hierarchical)
    Elapsed: 0.010s  Memory: 604.00M
"polygons" in: sky130A_mr.drc:93
    Polygons (raw): 76177 (flat)  96 (hierarchical)
    Elapsed: 0.040s  Memory: 604.00M
"polygons" in: sky130A_mr.drc:94
    Polygons (raw): 0 (flat)  0 (hierarchical)
    Elapsed: 0.010s  Memory: 604.00M
"polygons" in: sky130A_mr.drc:95
    Polygons (raw): 0 (flat)  0 (hierarchical)
    Elapsed: 0.010s  Memory: 604.00M
"polygons" in: sky130A_mr.drc:96
    Polygons (raw): 0 (flat)  0 (hierarchical)
    Elapsed: 0.020s  Memory: 604.00M
"polygons" in: sky130A_mr.drc:97
    Polygons (raw): 0 (flat)  0 (hierarchical)
    Elapsed: 0.010s  Memory: 604.00M
"polygons" in: sky130A_mr.drc:98
    Polygons (raw): 191586 (flat)  548 (hierarchical)
    Elapsed: 0.040s  Memory: 604.00M
"polygons" in: sky130A_mr.drc:99
    Polygons (raw): 0 (flat)  0 (hierarchical)
    Elapsed: 0.010s  Memory: 604.00M
"polygons" in: sky130A_mr.drc:100
    Polygons (raw): 82013 (flat)  95 (hierarchical)
    Elapsed: 0.040s  Memory: 604.00M
"polygons" in: sky130A_mr.drc:101
    Polygons (raw): 82013 (flat)  95 (hierarchical)
    Elapsed: 0.030s  Memory: 604.00M
"polygons" in: sky130A_mr.drc:102
    Polygons (raw): 0 (flat)  0 (hierarchical)
    Elapsed: 0.020s  Memory: 604.00M
"polygons" in: sky130A_mr.drc:103
    Polygons (raw): 0 (flat)  0 (hierarchical)
    Elapsed: 0.020s  Memory: 604.00M
"polygons" in: sky130A_mr.drc:104
    Polygons (raw): 60923 (flat)  108 (hierarchical)
    Elapsed: 0.030s  Memory: 604.00M
"polygons" in: sky130A_mr.drc:105
    Polygons (raw): 905420 (flat)  2538 (hierarchical)
    Elapsed: 0.040s  Memory: 604.00M
"polygons" in: sky130A_mr.drc:107
    Polygons (raw): 441459 (flat)  75772 (hierarchical)
    Elapsed: 0.080s  Memory: 606.00M
"polygons" in: sky130A_mr.drc:108
    Polygons (raw): 930678 (flat)  76616 (hierarchical)
    Elapsed: 0.070s  Memory: 608.00M
"polygons" in: sky130A_mr.drc:110
    Polygons (raw): 536849 (flat)  379446 (hierarchical)
    Elapsed: 0.250s  Memory: 622.00M
"polygons" in: sky130A_mr.drc:111
    Polygons (raw): 92197 (flat)  92197 (hierarchical)
    Elapsed: 0.080s  Memory: 622.00M
"polygons" in: sky130A_mr.drc:113
    Polygons (raw): 157667 (flat)  157667 (hierarchical)
    Elapsed: 0.130s  Memory: 626.00M
"polygons" in: sky130A_mr.drc:114
    Polygons (raw): 9831 (flat)  9831 (hierarchical)
    Elapsed: 0.040s  Memory: 626.00M
"polygons" in: sky130A_mr.drc:116
    Polygons (raw): 13222 (flat)  13222 (hierarchical)
    Elapsed: 0.050s  Memory: 626.00M
"polygons" in: sky130A_mr.drc:117
    Polygons (raw): 5528 (flat)  5528 (hierarchical)
    Elapsed: 0.030s  Memory: 626.00M
"polygons" in: sky130A_mr.drc:119
    Polygons (raw): 488 (flat)  488 (hierarchical)
    Elapsed: 0.030s  Memory: 626.00M
"polygons" in: sky130A_mr.drc:120
    Polygons (raw): 12060 (flat)  12060 (hierarchical)
    Elapsed: 0.020s  Memory: 626.00M
"polygons" in: sky130A_mr.drc:122
    Polygons (raw): 172 (flat)  172 (hierarchical)
    Elapsed: 0.020s  Memory: 626.00M
"polygons" in: sky130A_mr.drc:124
    Polygons (raw): 0 (flat)  0 (hierarchical)
    Elapsed: 0.010s  Memory: 626.00M
"polygons" in: sky130A_mr.drc:125
    Polygons (raw): 0 (flat)  0 (hierarchical)
    Elapsed: 0.020s  Memory: 626.00M
"polygons" in: sky130A_mr.drc:126
    Polygons (raw): 0 (flat)  0 (hierarchical)
    Elapsed: 0.010s  Memory: 626.00M
"polygons" in: sky130A_mr.drc:127
    Polygons (raw): 0 (flat)  0 (hierarchical)
    Elapsed: 0.020s  Memory: 626.00M
"polygons" in: sky130A_mr.drc:128
    Polygons (raw): 0 (flat)  0 (hierarchical)
    Elapsed: 0.010s  Memory: 626.00M
"polygons" in: sky130A_mr.drc:129
    Polygons (raw): 0 (flat)  0 (hierarchical)
    Elapsed: 0.020s  Memory: 626.00M
"polygons" in: sky130A_mr.drc:130
    Polygons (raw): 0 (flat)  0 (hierarchical)
    Elapsed: 0.010s  Memory: 626.00M
"polygons" in: sky130A_mr.drc:131
    Polygons (raw): 0 (flat)  0 (hierarchical)
    Elapsed: 0.020s  Memory: 626.00M
"polygons" in: sky130A_mr.drc:132
    Polygons (raw): 0 (flat)  0 (hierarchical)
    Elapsed: 0.010s  Memory: 626.00M
"polygons" in: sky130A_mr.drc:133
    Polygons (raw): 0 (flat)  0 (hierarchical)
    Elapsed: 0.020s  Memory: 626.00M
"polygons" in: sky130A_mr.drc:134
    Polygons (raw): 0 (flat)  0 (hierarchical)
    Elapsed: 0.020s  Memory: 626.00M
"polygons" in: sky130A_mr.drc:135
    Polygons (raw): 0 (flat)  0 (hierarchical)
    Elapsed: 0.020s  Memory: 626.00M
"polygons" in: sky130A_mr.drc:136
    Polygons (raw): 0 (flat)  0 (hierarchical)
    Elapsed: 0.020s  Memory: 626.00M
"polygons" in: sky130A_mr.drc:137
    Polygons (raw): 0 (flat)  0 (hierarchical)
    Elapsed: 0.020s  Memory: 626.00M
"polygons" in: sky130A_mr.drc:138
    Polygons (raw): 0 (flat)  0 (hierarchical)
    Elapsed: 0.010s  Memory: 626.00M
"polygons" in: sky130A_mr.drc:139
    Polygons (raw): 0 (flat)  0 (hierarchical)
    Elapsed: 0.020s  Memory: 626.00M
"polygons" in: sky130A_mr.drc:140
    Polygons (raw): 0 (flat)  0 (hierarchical)
    Elapsed: 0.020s  Memory: 626.00M
"polygons" in: sky130A_mr.drc:141
    Polygons (raw): 74481 (flat)  94 (hierarchical)
    Elapsed: 0.040s  Memory: 626.00M
"polygons" in: sky130A_mr.drc:142
    Polygons (raw): 0 (flat)  0 (hierarchical)
    Elapsed: 0.010s  Memory: 626.00M
"polygons" in: sky130A_mr.drc:143
    Polygons (raw): 0 (flat)  0 (hierarchical)
    Elapsed: 0.010s  Memory: 626.00M
"polygons" in: sky130A_mr.drc:144
    Polygons (raw): 0 (flat)  0 (hierarchical)
    Elapsed: 0.020s  Memory: 626.00M
"polygons" in: sky130A_mr.drc:145
    Polygons (raw): 0 (flat)  0 (hierarchical)
    Elapsed: 0.020s  Memory: 626.00M
"polygons" in: sky130A_mr.drc:146
    Polygons (raw): 0 (flat)  0 (hierarchical)
    Elapsed: 0.020s  Memory: 626.00M
"polygons" in: sky130A_mr.drc:147
    Polygons (raw): 0 (flat)  0 (hierarchical)
    Elapsed: 0.020s  Memory: 626.00M
"polygons" in: sky130A_mr.drc:148
    Polygons (raw): 0 (flat)  0 (hierarchical)
    Elapsed: 0.010s  Memory: 626.00M
"polygons" in: sky130A_mr.drc:149
    Polygons (raw): 2 (flat)  2 (hierarchical)
    Elapsed: 0.040s  Memory: 626.00M
"polygons" in: sky130A_mr.drc:150
    Polygons (raw): 0 (flat)  0 (hierarchical)
    Elapsed: 0.020s  Memory: 626.00M
"polygons" in: sky130A_mr.drc:151
    Polygons (raw): 0 (flat)  0 (hierarchical)
    Elapsed: 0.010s  Memory: 626.00M
"polygons" in: sky130A_mr.drc:152
    Polygons (raw): 0 (flat)  0 (hierarchical)
    Elapsed: 0.020s  Memory: 626.00M
"polygons" in: sky130A_mr.drc:153
    Polygons (raw): 0 (flat)  0 (hierarchical)
    Elapsed: 0.010s  Memory: 626.00M
"polygons" in: sky130A_mr.drc:154
    Polygons (raw): 61 (flat)  1 (hierarchical)
    Elapsed: 0.040s  Memory: 626.00M
"polygons" in: sky130A_mr.drc:155
    Polygons (raw): 0 (flat)  0 (hierarchical)
    Elapsed: 0.020s  Memory: 626.00M
"polygons" in: sky130A_mr.drc:156
    Polygons (raw): 0 (flat)  0 (hierarchical)
    Elapsed: 0.010s  Memory: 626.00M
"polygons" in: sky130A_mr.drc:157
    Polygons (raw): 0 (flat)  0 (hierarchical)
    Elapsed: 0.020s  Memory: 626.00M
"polygons" in: sky130A_mr.drc:158
    Polygons (raw): 0 (flat)  0 (hierarchical)
    Elapsed: 0.010s  Memory: 626.00M
"polygons" in: sky130A_mr.drc:159
    Polygons (raw): 0 (flat)  0 (hierarchical)
    Elapsed: 0.020s  Memory: 626.00M
"polygons" in: sky130A_mr.drc:160
    Polygons (raw): 0 (flat)  0 (hierarchical)
    Elapsed: 0.010s  Memory: 626.00M
"polygons" in: sky130A_mr.drc:161
    Polygons (raw): 0 (flat)  0 (hierarchical)
    Elapsed: 0.010s  Memory: 626.00M
"polygons" in: sky130A_mr.drc:162
    Polygons (raw): 0 (flat)  0 (hierarchical)
    Elapsed: 0.010s  Memory: 626.00M
"polygons" in: sky130A_mr.drc:163
    Polygons (raw): 0 (flat)  0 (hierarchical)
    Elapsed: 0.020s  Memory: 626.00M
"polygons" in: sky130A_mr.drc:164
    Polygons (raw): 0 (flat)  0 (hierarchical)
    Elapsed: 0.010s  Memory: 626.00M
"polygons" in: sky130A_mr.drc:165
    Polygons (raw): 0 (flat)  0 (hierarchical)
    Elapsed: 0.010s  Memory: 626.00M
"polygons" in: sky130A_mr.drc:166
    Polygons (raw): 0 (flat)  0 (hierarchical)
    Elapsed: 0.010s  Memory: 626.00M
"polygons" in: sky130A_mr.drc:167
    Polygons (raw): 0 (flat)  0 (hierarchical)
    Elapsed: 0.010s  Memory: 626.00M
"polygons" in: sky130A_mr.drc:168
    Polygons (raw): 0 (flat)  0 (hierarchical)
    Elapsed: 0.010s  Memory: 626.00M
"polygons" in: sky130A_mr.drc:169
    Polygons (raw): 0 (flat)  0 (hierarchical)
    Elapsed: 0.010s  Memory: 626.00M
"polygons" in: sky130A_mr.drc:170
    Polygons (raw): 0 (flat)  0 (hierarchical)
    Elapsed: 0.010s  Memory: 626.00M
"polygons" in: sky130A_mr.drc:171
    Polygons (raw): 0 (flat)  0 (hierarchical)
    Elapsed: 0.020s  Memory: 626.00M
"polygons" in: sky130A_mr.drc:172
    Polygons (raw): 0 (flat)  0 (hierarchical)
    Elapsed: 0.010s  Memory: 626.00M
"polygons" in: sky130A_mr.drc:173
    Polygons (raw): 0 (flat)  0 (hierarchical)
    Elapsed: 0.010s  Memory: 626.00M
"polygons" in: sky130A_mr.drc:174
    Polygons (raw): 0 (flat)  0 (hierarchical)
    Elapsed: 0.010s  Memory: 626.00M
"polygons" in: sky130A_mr.drc:175
    Polygons (raw): 0 (flat)  0 (hierarchical)
    Elapsed: 0.020s  Memory: 626.00M
"polygons" in: sky130A_mr.drc:176
    Polygons (raw): 0 (flat)  0 (hierarchical)
    Elapsed: 0.020s  Memory: 626.00M
DRC section
BEOL section
li
"not" in: sky130A_mr.drc:328
    Polygons (raw): 441459 (flat)  75772 (hierarchical)
    Elapsed: 0.020s  Memory: 626.00M
"width" in: sky130A_mr.drc:329
    Edge pairs: 0 (flat)  0 (hierarchical)
    Elapsed: 8.960s  Memory: 722.00M
"output" in: sky130A_mr.drc:329
    Edge pairs: 0 (flat)  0 (hierarchical)
    Elapsed: 0.020s  Memory: 722.00M
"space" in: sky130A_mr.drc:332
    Edge pairs: 0 (flat)  0 (hierarchical)
    Elapsed: 737.450s  Memory: 1274.00M
"output" in: sky130A_mr.drc:332
    Edge pairs: 0 (flat)  0 (hierarchical)
    Elapsed: 0.010s  Memory: 1266.00M
"not" in: sky130A_mr.drc:334
    Polygons (raw): 905420 (flat)  2538 (hierarchical)
    Elapsed: 0.010s  Memory: 1266.00M
"enclosing" in: sky130A_mr.drc:335
    Edge pairs: 386801 (flat)  302236 (hierarchical)
    Elapsed: 630.700s  Memory: 1357.00M
"second_edges" in: sky130A_mr.drc:335
    Edges: 386801 (flat)  302236 (hierarchical)
    Elapsed: 0.020s  Memory: 1357.00M
"width" in: sky130A_mr.drc:336
    Edge pairs: 0 (flat)  0 (hierarchical)
    Elapsed: 1.310s  Memory: 1370.00M
"polygons" in: sky130A_mr.drc:337
    Polygons (raw): 0 (flat)  0 (hierarchical)
    Elapsed: 0.000s  Memory: 1370.00M
"interacting" in: sky130A_mr.drc:337
    Polygons (raw): 0 (flat)  0 (hierarchical)
    Elapsed: 0.270s  Memory: 1370.00M
"output" in: sky130A_mr.drc:338
    Polygons (raw): 0 (flat)  0 (hierarchical)
    Elapsed: 0.010s  Memory: 1370.00M
"with_area" in: sky130A_mr.drc:340
    Polygons (raw): 0 (flat)  0 (hierarchical)
    Elapsed: 0.160s  Memory: 1370.00M
"output" in: sky130A_mr.drc:340
    Polygons (raw): 0 (flat)  0 (hierarchical)
    Elapsed: 0.010s  Memory: 1370.00M
mcon
"not" in: sky130A_mr.drc:344
    Polygons (raw): 930678 (flat)  76616 (hierarchical)
    Elapsed: 0.010s  Memory: 1370.00M
"edges" in: sky130A_mr.drc:346
    Edges: 3722712 (flat)  306464 (hierarchical)
    Elapsed: 9.890s  Memory: 1370.00M
"without_length" in: sky130A_mr.drc:346
    Edges: 0 (flat)  0 (hierarchical)
    Elapsed: 27.750s  Memory: 2518.00M
"output" in: sky130A_mr.drc:346
    Edges: 0 (flat)  0 (hierarchical)
    Elapsed: 0.010s  Memory: 2518.00M
"space" in: sky130A_mr.drc:348
    Edge pairs: 0 (flat)  0 (hierarchical)
    Elapsed: 9.150s  Memory: 2518.00M
"output" in: sky130A_mr.drc:348
    Edge pairs: 0 (flat)  0 (hierarchical)
    Elapsed: 0.010s  Memory: 2518.00M
"not" in: sky130A_mr.drc:351
    Polygons (raw): 0 (flat)  0 (hierarchical)
    Elapsed: 9.260s  Memory: 2518.00M
"output" in: sky130A_mr.drc:351
    Polygons (raw): 0 (flat)  0 (hierarchical)
    Elapsed: 0.010s  Memory: 2518.00M
m1
"width" in: sky130A_mr.drc:355
    Edge pairs: 0 (flat)  0 (hierarchical)
    Elapsed: 4.970s  Memory: 2518.00M
"output" in: sky130A_mr.drc:355
    Edge pairs: 0 (flat)  0 (hierarchical)
    Elapsed: 0.010s  Memory: 2518.00M
"sized" in: sky130A_mr.drc:357
    Polygons (raw): 0 (flat)  0 (hierarchical)
    Elapsed: 1.490s  Memory: 2518.00M
"sized" in: sky130A_mr.drc:357
    Polygons (raw): 0 (flat)  0 (hierarchical)
    Elapsed: 0.010s  Memory: 2518.00M
"snap" in: sky130A_mr.drc:357
    Polygons (raw): 0 (flat)  0 (hierarchical)
    Elapsed: 0.130s  Memory: 2518.00M
"&" in: sky130A_mr.drc:357
    Polygons (raw): 0 (flat)  0 (hierarchical)
    Elapsed: 0.010s  Memory: 2518.00M
"edges" in: sky130A_mr.drc:358
    Edges: 1630120 (flat)  1246244 (hierarchical)
    Elapsed: 16.840s  Memory: 2646.00M
"-" in: sky130A_mr.drc:358
    Edges: 1630120 (flat)  1246244 (hierarchical)
    Elapsed: 0.020s  Memory: 2646.00M
"edges" in: sky130A_mr.drc:359
    Edges: 0 (flat)  0 (hierarchical)
    Elapsed: 0.010s  Memory: 2646.00M
"merged" in: sky130A_mr.drc:359
    Polygons (raw): 76404 (flat)  72088 (hierarchical)
    Elapsed: 0.010s  Memory: 2646.00M
"outside_part" in: sky130A_mr.drc:359
    Edges: 0 (flat)  0 (hierarchical)
    Elapsed: 0.010s  Memory: 2646.00M
"space" in: sky130A_mr.drc:361
    Edge pairs: 0 (flat)  0 (hierarchical)
    Elapsed: 16.980s  Memory: 2646.00M
"output" in: sky130A_mr.drc:361
    Edge pairs: 0 (flat)  0 (hierarchical)
    Elapsed: 0.010s  Memory: 2646.00M
"separation" in: sky130A_mr.drc:363
    Edge pairs: 0 (flat)  0 (hierarchical)
    Elapsed: 0.000s  Memory: 2646.00M
"space" in: sky130A_mr.drc:363
    Edge pairs: 0 (flat)  0 (hierarchical)
    Elapsed: 0.010s  Memory: 2646.00M
"+" in: sky130A_mr.drc:363
    Edge pairs: 0 (flat)  0 (hierarchical)
    Elapsed: 0.010s  Memory: 2646.00M
"output" in: sky130A_mr.drc:363
    Edge pairs: 0 (flat)  0 (hierarchical)
    Elapsed: 0.010s  Memory: 2646.00M
"input" in: sky130A_mr.drc:366
    Polygons (raw): 536849 (flat)  379651 (hierarchical)
    Elapsed: 0.200s  Memory: 2646.00M
"enclosing" in: sky130A_mr.drc:371
    Edge pairs: 0 (flat)  0 (hierarchical)
    Elapsed: 10.950s  Memory: 2646.00M
"output" in: sky130A_mr.drc:371
    Edge pairs: 0 (flat)  0 (hierarchical)
    Elapsed: 0.010s  Memory: 2646.00M
"not" in: sky130A_mr.drc:372
    Polygons (raw): 0 (flat)  0 (hierarchical)
    Elapsed: 9.320s  Memory: 2646.00M
"output" in: sky130A_mr.drc:372
    Polygons (raw): 0 (flat)  0 (hierarchical)
    Elapsed: 0.010s  Memory: 2646.00M
"input" in: sky130A_mr.drc:374
    Polygons (raw): 536849 (flat)  379651 (hierarchical)
    Elapsed: 0.210s  Memory: 2646.00M
"enclosing" in: sky130A_mr.drc:375
    Edge pairs: 0 (flat)  0 (hierarchical)
    Elapsed: 11.310s  Memory: 2646.00M
"output" in: sky130A_mr.drc:375
    Edge pairs: 0 (flat)  0 (hierarchical)
    Elapsed: 0.000s  Memory: 2646.00M
"with_area" in: sky130A_mr.drc:377
    Polygons (raw): 0 (flat)  0 (hierarchical)
    Elapsed: 0.100s  Memory: 2646.00M
"output" in: sky130A_mr.drc:377
    Polygons (raw): 0 (flat)  0 (hierarchical)
    Elapsed: 0.010s  Memory: 2646.00M
"holes" in: sky130A_mr.drc:379
    Polygons (raw): 0 (flat)  0 (hierarchical)
    Elapsed: 0.040s  Memory: 2646.00M
"with_area" in: sky130A_mr.drc:379
    Polygons (raw): 0 (flat)  0 (hierarchical)
    Elapsed: 0.040s  Memory: 2646.00M
"output" in: sky130A_mr.drc:379
    Polygons (raw): 0 (flat)  0 (hierarchical)
    Elapsed: 0.010s  Memory: 2646.00M
"enclosing" in: sky130A_mr.drc:382
    Edge pairs: 103760 (flat)  93160 (hierarchical)
    Elapsed: 12.410s  Memory: 2646.00M
"polygons" in: sky130A_mr.drc:382
    Polygons (raw): 96467 (flat)  89991 (hierarchical)
    Elapsed: 0.060s  Memory: 2646.00M
"interacting" in: sky130A_mr.drc:382
    Polygons (raw): 855 (flat)  855 (hierarchical)
    Elapsed: 0.390s  Memory: 2646.00M
"enclosing" in: sky130A_mr.drc:383
    Edge pairs: 190034 (flat)  164182 (hierarchical)
    Elapsed: 5.340s  Memory: 2646.00M
"second_edges" in: sky130A_mr.drc:383
    Edges: 190034 (flat)  164182 (hierarchical)
    Elapsed: 0.010s  Memory: 2646.00M
"edges" in: sky130A_mr.drc:384
    Edges: 3722712 (flat)  312560 (hierarchical)
    Elapsed: 10.440s  Memory: 2646.00M
"-" in: sky130A_mr.drc:384
    Edges: 3560743 (flat)  176451 (hierarchical)
    Elapsed: 2.080s  Memory: 2646.00M
"width" in: sky130A_mr.drc:384
    Edge pairs: 934022 (flat)  921092 (hierarchical)
    Elapsed: 31.590s  Memory: 3052.00M
"polygons" in: sky130A_mr.drc:384
    Polygons (raw): 934022 (flat)  921092 (hierarchical)
    Elapsed: 0.410s  Memory: 3052.00M
"not_interacting" in: sky130A_mr.drc:385
    Polygons (raw): 0 (flat)  0 (hierarchical)
    Elapsed: 0.320s  Memory: 3052.00M
"output" in: sky130A_mr.drc:385
    Polygons (raw): 0 (flat)  0 (hierarchical)
    Elapsed: 0.010s  Memory: 3052.00M
via
"drc" in: sky130A_mr.drc:390
    Polygons (raw): 0 (flat)  0 (hierarchical)
    Elapsed: 0.660s  Memory: 3052.00M
"not" in: sky130A_mr.drc:391
    Polygons (raw): 92197 (flat)  92197 (hierarchical)
    Elapsed: 0.010s  Memory: 3052.00M
"not" in: sky130A_mr.drc:392
    Polygons (raw): 92197 (flat)  92197 (hierarchical)
    Elapsed: 0.010s  Memory: 3052.00M
"non_rectangles" in: sky130A_mr.drc:394
    Polygons (raw): 0 (flat)  0 (hierarchical)
    Elapsed: 0.030s  Memory: 3052.00M
"output" in: sky130A_mr.drc:394
    Polygons (raw): 0 (flat)  0 (hierarchical)
    Elapsed: 0.010s  Memory: 3052.00M
"width" in: sky130A_mr.drc:395
    Edge pairs: 0 (flat)  0 (hierarchical)
    Elapsed: 0.060s  Memory: 3052.00M
"output" in: sky130A_mr.drc:395
    Edge pairs: 0 (flat)  0 (hierarchical)
    Elapsed: 0.010s  Memory: 3052.00M
"edges" in: sky130A_mr.drc:396
    Edges: 368788 (flat)  368788 (hierarchical)
    Elapsed: 0.480s  Memory: 3052.00M
"without_length" in: sky130A_mr.drc:396
    Edges: 0 (flat)  0 (hierarchical)
    Elapsed: 0.960s  Memory: 3052.00M
"output" in: sky130A_mr.drc:396
    Edges: 0 (flat)  0 (hierarchical)
    Elapsed: 0.010s  Memory: 3052.00M
"space" in: sky130A_mr.drc:398
    Edge pairs: 0 (flat)  0 (hierarchical)
    Elapsed: 0.240s  Memory: 3052.00M
"output" in: sky130A_mr.drc:398
    Edge pairs: 0 (flat)  0 (hierarchical)
    Elapsed: 0.010s  Memory: 3052.00M
"width" in: sky130A_mr.drc:400
    Edge pairs: 0 (flat)  0 (hierarchical)
    Elapsed: 0.030s  Memory: 3052.00M
"output" in: sky130A_mr.drc:400
    Edge pairs: 0 (flat)  0 (hierarchical)
    Elapsed: 0.010s  Memory: 3052.00M
"drc" in: sky130A_mr.drc:401
    Edge pairs: 0 (flat)  0 (hierarchical)
    Elapsed: 0.010s  Memory: 3052.00M
"output" in: sky130A_mr.drc:401
    Edge pairs: 0 (flat)  0 (hierarchical)
    Elapsed: 0.010s  Memory: 3052.00M
"not" in: sky130A_mr.drc:403
    Polygons (raw): 0 (flat)  0 (hierarchical)
    Elapsed: 0.000s  Memory: 3052.00M
"output" in: sky130A_mr.drc:403
    Polygons (raw): 0 (flat)  0 (hierarchical)
    Elapsed: 0.010s  Memory: 3052.00M
"edges" in: sky130A_mr.drc:405
    Edges: 368788 (flat)  368788 (hierarchical)
    Elapsed: 0.450s  Memory: 3052.00M
"without_length" in: sky130A_mr.drc:405
    Edges: 0 (flat)  0 (hierarchical)
    Elapsed: 0.960s  Memory: 3052.00M
"not_interacting" in: sky130A_mr.drc:405
    Polygons (raw): 92197 (flat)  92197 (hierarchical)
    Elapsed: 0.140s  Memory: 3052.00M
"enclosing" in: sky130A_mr.drc:405
    Edge pairs: 0 (flat)  0 (hierarchical)
    Elapsed: 0.490s  Memory: 3052.00M
"output" in: sky130A_mr.drc:405
    Edge pairs: 0 (flat)  0 (hierarchical)
    Elapsed: 0.010s  Memory: 3052.00M
"squares" in: sky130A_mr.drc:406
    Polygons (raw): 92197 (flat)  92197 (hierarchical)
    Elapsed: 0.040s  Memory: 3052.00M
"edges" in: sky130A_mr.drc:406
    Edges: 368788 (flat)  368788 (hierarchical)
    Elapsed: 0.520s  Memory: 3052.00M
"with_length" in: sky130A_mr.drc:406
    Edges: 368788 (flat)  368788 (hierarchical)
    Elapsed: 0.970s  Memory: 3052.00M
"not" in: sky130A_mr.drc:406
    Edges: 0 (flat)  0 (hierarchical)
    Elapsed: 3.840s  Memory: 3052.00M
"output" in: sky130A_mr.drc:406
    Edges: 0 (flat)  0 (hierarchical)
    Elapsed: 0.010s  Memory: 3052.00M
"edges" in: sky130A_mr.drc:408
    Edges: 368788 (flat)  368788 (hierarchical)
    Elapsed: 0.610s  Memory: 3052.00M
"without_length" in: sky130A_mr.drc:408
    Edges: 0 (flat)  0 (hierarchical)
    Elapsed: 1.060s  Memory: 3052.00M
"not_interacting" in: sky130A_mr.drc:408
    Polygons (raw): 92197 (flat)  92197 (hierarchical)
    Elapsed: 0.150s  Memory: 3052.00M
"enclosing" in: sky130A_mr.drc:408
    Edge pairs: 174081 (flat)  174081 (hierarchical)
    Elapsed: 1.200s  Memory: 3052.00M
"second_edges" in: sky130A_mr.drc:408
    Edges: 174081 (flat)  174081 (hierarchical)
    Elapsed: 0.010s  Memory: 3052.00M
"edges" in: sky130A_mr.drc:409
    Edges: 368788 (flat)  368788 (hierarchical)
    Elapsed: 0.540s  Memory: 3052.00M
"without_length" in: sky130A_mr.drc:409
    Edges: 0 (flat)  0 (hierarchical)
    Elapsed: 1.070s  Memory: 3052.00M
"not_interacting" in: sky130A_mr.drc:409
    Polygons (raw): 92197 (flat)  92197 (hierarchical)
    Elapsed: 0.150s  Memory: 3052.00M
"edges" in: sky130A_mr.drc:409
    Edges: 368788 (flat)  368788 (hierarchical)
    Elapsed: 0.540s  Memory: 3052.00M
"-" in: sky130A_mr.drc:409
    Edges: 201022 (flat)  201022 (hierarchical)
    Elapsed: 1.080s  Memory: 3116.00M
"width" in: sky130A_mr.drc:409
    Edge pairs: 98908 (flat)  98908 (hierarchical)
    Elapsed: 0.950s  Memory: 3052.00M
"polygons" in: sky130A_mr.drc:409
    Polygons (raw): 98908 (flat)  98908 (hierarchical)
    Elapsed: 0.050s  Memory: 3052.00M
"edges" in: sky130A_mr.drc:410
    Edges: 368788 (flat)  368788 (hierarchical)
    Elapsed: 0.560s  Memory: 3052.00M
"without_length" in: sky130A_mr.drc:410
    Edges: 0 (flat)  0 (hierarchical)
    Elapsed: 1.050s  Memory: 3052.00M
"not_interacting" in: sky130A_mr.drc:410
    Polygons (raw): 92197 (flat)  92197 (hierarchical)
    Elapsed: 0.150s  Memory: 3052.00M
"not_interacting" in: sky130A_mr.drc:410
    Polygons (raw): 0 (flat)  0 (hierarchical)
    Elapsed: 0.480s  Memory: 3052.00M
"output" in: sky130A_mr.drc:410
    Polygons (raw): 0 (flat)  0 (hierarchical)
    Elapsed: 0.010s  Memory: 3052.00M
m2
"width" in: sky130A_mr.drc:415
    Edge pairs: 0 (flat)  0 (hierarchical)
    Elapsed: 0.800s  Memory: 3052.00M
"output" in: sky130A_mr.drc:415
    Edge pairs: 0 (flat)  0 (hierarchical)
    Elapsed: 0.010s  Memory: 3052.00M
"sized" in: sky130A_mr.drc:417
    Polygons (raw): 0 (flat)  0 (hierarchical)
    Elapsed: 0.610s  Memory: 3052.00M
"sized" in: sky130A_mr.drc:417
    Polygons (raw): 0 (flat)  0 (hierarchical)
    Elapsed: 0.010s  Memory: 3052.00M
"snap" in: sky130A_mr.drc:417
    Polygons (raw): 0 (flat)  0 (hierarchical)
    Elapsed: 0.020s  Memory: 3052.00M
"&" in: sky130A_mr.drc:417
    Polygons (raw): 0 (flat)  0 (hierarchical)
    Elapsed: 0.010s  Memory: 3052.00M
"edges" in: sky130A_mr.drc:418
    Edges: 613693 (flat)  613693 (hierarchical)
    Elapsed: 2.570s  Memory: 3052.00M
"-" in: sky130A_mr.drc:418
    Edges: 613693 (flat)  613693 (hierarchical)
    Elapsed: 0.010s  Memory: 3052.00M
"edges" in: sky130A_mr.drc:419
    Edges: 0 (flat)  0 (hierarchical)
    Elapsed: 0.010s  Memory: 3052.00M
"merged" in: sky130A_mr.drc:419
    Polygons (raw): 39962 (flat)  39962 (hierarchical)
    Elapsed: 0.010s  Memory: 3052.00M
"outside_part" in: sky130A_mr.drc:419
    Edges: 0 (flat)  0 (hierarchical)
    Elapsed: 0.010s  Memory: 3052.00M
"not" in: sky130A_mr.drc:420
    Polygons (raw): 92197 (flat)  92197 (hierarchical)
    Elapsed: 0.010s  Memory: 3052.00M
"space" in: sky130A_mr.drc:422
    Edge pairs: 0 (flat)  0 (hierarchical)
    Elapsed: 4.480s  Memory: 3052.00M
"output" in: sky130A_mr.drc:422
    Edge pairs: 0 (flat)  0 (hierarchical)
    Elapsed: 0.000s  Memory: 3052.00M
"separation" in: sky130A_mr.drc:424
    Edge pairs: 0 (flat)  0 (hierarchical)
    Elapsed: 0.010s  Memory: 3052.00M
"space" in: sky130A_mr.drc:424
    Edge pairs: 0 (flat)  0 (hierarchical)
    Elapsed: 0.010s  Memory: 3052.00M
"+" in: sky130A_mr.drc:424
    Edge pairs: 0 (flat)  0 (hierarchical)
    Elapsed: 0.010s  Memory: 3052.00M
"output" in: sky130A_mr.drc:424
    Edge pairs: 0 (flat)  0 (hierarchical)
    Elapsed: 0.000s  Memory: 3052.00M
"with_area" in: sky130A_mr.drc:427
    Polygons (raw): 0 (flat)  0 (hierarchical)
    Elapsed: 0.080s  Memory: 3052.00M
"output" in: sky130A_mr.drc:427
    Polygons (raw): 0 (flat)  0 (hierarchical)
    Elapsed: 0.000s  Memory: 3052.00M
"holes" in: sky130A_mr.drc:428
    Polygons (raw): 0 (flat)  0 (hierarchical)
    Elapsed: 0.030s  Memory: 3052.00M
"with_area" in: sky130A_mr.drc:428
    Polygons (raw): 0 (flat)  0 (hierarchical)
    Elapsed: 0.050s  Memory: 3052.00M
"output" in: sky130A_mr.drc:428
    Polygons (raw): 0 (flat)  0 (hierarchical)
    Elapsed: 0.010s  Memory: 3052.00M
"enclosing" in: sky130A_mr.drc:431
    Edge pairs: 0 (flat)  0 (hierarchical)
    Elapsed: 0.670s  Memory: 3052.00M
"output" in: sky130A_mr.drc:431
    Edge pairs: 0 (flat)  0 (hierarchical)
    Elapsed: 0.010s  Memory: 3052.00M
"not" in: sky130A_mr.drc:433
    Polygons (raw): 0 (flat)  0 (hierarchical)
    Elapsed: 0.540s  Memory: 3052.00M
"output" in: sky130A_mr.drc:433
    Polygons (raw): 0 (flat)  0 (hierarchical)
    Elapsed: 0.010s  Memory: 3052.00M
"enclosing" in: sky130A_mr.drc:436
    Edge pairs: 177995 (flat)  177995 (hierarchical)
    Elapsed: 1.400s  Memory: 3052.00M
"second_edges" in: sky130A_mr.drc:436
    Edges: 177995 (flat)  177995 (hierarchical)
    Elapsed: 0.020s  Memory: 3052.00M
"width" in: sky130A_mr.drc:437
    Edge pairs: 0 (flat)  0 (hierarchical)
    Elapsed: 0.570s  Memory: 3052.00M
"polygons" in: sky130A_mr.drc:438
    Polygons (raw): 0 (flat)  0 (hierarchical)
    Elapsed: 0.010s  Memory: 3052.00M
"interacting" in: sky130A_mr.drc:438
    Polygons (raw): 0 (flat)  0 (hierarchical)
    Elapsed: 0.040s  Memory: 3052.00M
"output" in: sky130A_mr.drc:439
    Polygons (raw): 0 (flat)  0 (hierarchical)
    Elapsed: 0.000s  Memory: 3052.00M
via2
"drc" in: sky130A_mr.drc:449
    Polygons (raw): 0 (flat)  0 (hierarchical)
    Elapsed: 0.130s  Memory: 3052.00M
"not" in: sky130A_mr.drc:450
    Polygons (raw): 9831 (flat)  9831 (hierarchical)
    Elapsed: 0.010s  Memory: 3052.00M
"not" in: sky130A_mr.drc:451
    Polygons (raw): 9831 (flat)  9831 (hierarchical)
    Elapsed: 0.020s  Memory: 3052.00M
"non_rectangles" in: sky130A_mr.drc:452
    Polygons (raw): 0 (flat)  0 (hierarchical)
    Elapsed: 0.010s  Memory: 3052.00M
"output" in: sky130A_mr.drc:452
    Polygons (raw): 0 (flat)  0 (hierarchical)
    Elapsed: 0.010s  Memory: 3052.00M
"width" in: sky130A_mr.drc:453
    Edge pairs: 0 (flat)  0 (hierarchical)
    Elapsed: 0.010s  Memory: 3052.00M
"output" in: sky130A_mr.drc:453
    Edge pairs: 0 (flat)  0 (hierarchical)
    Elapsed: 0.010s  Memory: 3052.00M
"edges" in: sky130A_mr.drc:454
    Edges: 39324 (flat)  39324 (hierarchical)
    Elapsed: 0.080s  Memory: 3052.00M
"without_length" in: sky130A_mr.drc:454
    Edges: 0 (flat)  0 (hierarchical)
    Elapsed: 0.170s  Memory: 3052.00M
"output" in: sky130A_mr.drc:454
    Edges: 0 (flat)  0 (hierarchical)
    Elapsed: 0.010s  Memory: 3052.00M
"space" in: sky130A_mr.drc:456
    Edge pairs: 0 (flat)  0 (hierarchical)
    Elapsed: 0.050s  Memory: 3052.00M
"output" in: sky130A_mr.drc:456
    Edge pairs: 0 (flat)  0 (hierarchical)
    Elapsed: 0.010s  Memory: 3052.00M
"width" in: sky130A_mr.drc:457
    Edge pairs: 0 (flat)  0 (hierarchical)
    Elapsed: 0.040s  Memory: 3052.00M
"output" in: sky130A_mr.drc:457
    Edge pairs: 0 (flat)  0 (hierarchical)
    Elapsed: 0.010s  Memory: 3052.00M
"drc" in: sky130A_mr.drc:458
    Edge pairs: 0 (flat)  0 (hierarchical)
    Elapsed: 0.010s  Memory: 3052.00M
"output" in: sky130A_mr.drc:458
    Edge pairs: 0 (flat)  0 (hierarchical)
    Elapsed: 0.020s  Memory: 3052.00M
"not" in: sky130A_mr.drc:459
    Polygons (raw): 0 (flat)  0 (hierarchical)
    Elapsed: 0.000s  Memory: 3052.00M
"output" in: sky130A_mr.drc:459
    Polygons (raw): 0 (flat)  0 (hierarchical)
    Elapsed: 0.010s  Memory: 3052.00M
"enclosing" in: sky130A_mr.drc:460
    Edge pairs: 0 (flat)  0 (hierarchical)
    Elapsed: 0.110s  Memory: 3052.00M
"output" in: sky130A_mr.drc:460
    Edge pairs: 0 (flat)  0 (hierarchical)
    Elapsed: 0.010s  Memory: 3052.00M
"not" in: sky130A_mr.drc:462
    Polygons (raw): 0 (flat)  0 (hierarchical)
    Elapsed: 0.120s  Memory: 3052.00M
"output" in: sky130A_mr.drc:462
    Polygons (raw): 0 (flat)  0 (hierarchical)
    Elapsed: 0.010s  Memory: 3052.00M
"enclosing" in: sky130A_mr.drc:464
    Edge pairs: 11676 (flat)  11676 (hierarchical)
    Elapsed: 0.170s  Memory: 3052.00M
"second_edges" in: sky130A_mr.drc:464
    Edges: 11676 (flat)  11676 (hierarchical)
    Elapsed: 0.010s  Memory: 3052.00M
"width" in: sky130A_mr.drc:465
    Edge pairs: 0 (flat)  0 (hierarchical)
    Elapsed: 0.090s  Memory: 3052.00M
"polygons" in: sky130A_mr.drc:466
    Polygons (raw): 0 (flat)  0 (hierarchical)
    Elapsed: 0.010s  Memory: 3052.00M
"interacting" in: sky130A_mr.drc:466
    Polygons (raw): 0 (flat)  0 (hierarchical)
    Elapsed: 0.030s  Memory: 3052.00M
"output" in: sky130A_mr.drc:467
    Polygons (raw): 0 (flat)  0 (hierarchical)
    Elapsed: 0.010s  Memory: 3052.00M
m3
"width" in: sky130A_mr.drc:472
    Edge pairs: 0 (flat)  0 (hierarchical)
    Elapsed: 0.080s  Memory: 3052.00M
"output" in: sky130A_mr.drc:472
    Edge pairs: 0 (flat)  0 (hierarchical)
    Elapsed: 0.010s  Memory: 3052.00M
"sized" in: sky130A_mr.drc:474
    Polygons (raw): 0 (flat)  0 (hierarchical)
    Elapsed: 0.060s  Memory: 3052.00M
"sized" in: sky130A_mr.drc:474
    Polygons (raw): 0 (flat)  0 (hierarchical)
    Elapsed: 0.010s  Memory: 3052.00M
"snap" in: sky130A_mr.drc:474
    Polygons (raw): 0 (flat)  0 (hierarchical)
    Elapsed: 0.020s  Memory: 3052.00M
"&" in: sky130A_mr.drc:474
    Polygons (raw): 0 (flat)  0 (hierarchical)
    Elapsed: 0.010s  Memory: 3052.00M
"edges" in: sky130A_mr.drc:475
    Edges: 43816 (flat)  43816 (hierarchical)
    Elapsed: 0.180s  Memory: 3052.00M
"-" in: sky130A_mr.drc:475
    Edges: 43816 (flat)  43816 (hierarchical)
    Elapsed: 0.010s  Memory: 3052.00M
"edges" in: sky130A_mr.drc:476
    Edges: 0 (flat)  0 (hierarchical)
    Elapsed: 0.010s  Memory: 3052.00M
"merged" in: sky130A_mr.drc:476
    Polygons (raw): 3580 (flat)  3580 (hierarchical)
    Elapsed: 0.010s  Memory: 3052.00M
"outside_part" in: sky130A_mr.drc:476
    Edges: 0 (flat)  0 (hierarchical)
    Elapsed: 0.010s  Memory: 3052.00M
"space" in: sky130A_mr.drc:478
    Edge pairs: 0 (flat)  0 (hierarchical)
    Elapsed: 0.250s  Memory: 3052.00M
"output" in: sky130A_mr.drc:478
    Edge pairs: 0 (flat)  0 (hierarchical)
    Elapsed: 0.010s  Memory: 3052.00M
"separation" in: sky130A_mr.drc:480
    Edge pairs: 0 (flat)  0 (hierarchical)
    Elapsed: 0.010s  Memory: 3052.00M
"space" in: sky130A_mr.drc:480
    Edge pairs: 0 (flat)  0 (hierarchical)
    Elapsed: 0.010s  Memory: 3052.00M
"+" in: sky130A_mr.drc:480
    Edge pairs: 0 (flat)  0 (hierarchical)
    Elapsed: 0.010s  Memory: 3052.00M
"output" in: sky130A_mr.drc:480
    Edge pairs: 0 (flat)  0 (hierarchical)
    Elapsed: 0.000s  Memory: 3052.00M
"enclosing" in: sky130A_mr.drc:483
    Edge pairs: 0 (flat)  0 (hierarchical)
    Elapsed: 0.080s  Memory: 3052.00M
"output" in: sky130A_mr.drc:483
    Edge pairs: 0 (flat)  0 (hierarchical)
    Elapsed: 0.010s  Memory: 3052.00M
"not" in: sky130A_mr.drc:484
    Polygons (raw): 0 (flat)  0 (hierarchical)
    Elapsed: 0.070s  Memory: 3052.00M
"output" in: sky130A_mr.drc:484
    Polygons (raw): 0 (flat)  0 (hierarchical)
    Elapsed: 0.000s  Memory: 3052.00M
via3
"drc" in: sky130A_mr.drc:491
    Polygons (raw): 0 (flat)  0 (hierarchical)
    Elapsed: 0.110s  Memory: 3052.00M
"not" in: sky130A_mr.drc:492
    Polygons (raw): 5528 (flat)  5528 (hierarchical)
    Elapsed: 0.000s  Memory: 3052.00M
"not" in: sky130A_mr.drc:493
    Polygons (raw): 5528 (flat)  5528 (hierarchical)
    Elapsed: 0.000s  Memory: 3052.00M
"non_rectangles" in: sky130A_mr.drc:494
    Polygons (raw): 0 (flat)  0 (hierarchical)
    Elapsed: 0.010s  Memory: 3052.00M
"output" in: sky130A_mr.drc:494
    Polygons (raw): 0 (flat)  0 (hierarchical)
    Elapsed: 0.010s  Memory: 3052.00M
"width" in: sky130A_mr.drc:495
    Edge pairs: 0 (flat)  0 (hierarchical)
    Elapsed: 0.010s  Memory: 3052.00M
"output" in: sky130A_mr.drc:495
    Edge pairs: 0 (flat)  0 (hierarchical)
    Elapsed: 0.010s  Memory: 3052.00M
"edges" in: sky130A_mr.drc:496
    Edges: 22112 (flat)  22112 (hierarchical)
    Elapsed: 0.070s  Memory: 3052.00M
"without_length" in: sky130A_mr.drc:496
    Edges: 0 (flat)  0 (hierarchical)
    Elapsed: 0.120s  Memory: 3052.00M
"output" in: sky130A_mr.drc:496
    Edges: 0 (flat)  0 (hierarchical)
    Elapsed: 0.000s  Memory: 3052.00M
"space" in: sky130A_mr.drc:499
    Edge pairs: 0 (flat)  0 (hierarchical)
    Elapsed: 0.050s  Memory: 3052.00M
"output" in: sky130A_mr.drc:499
    Edge pairs: 0 (flat)  0 (hierarchical)
    Elapsed: 0.000s  Memory: 3052.00M
"enclosing" in: sky130A_mr.drc:500
    Edge pairs: 0 (flat)  0 (hierarchical)
    Elapsed: 0.060s  Memory: 3052.00M
"output" in: sky130A_mr.drc:500
    Edge pairs: 0 (flat)  0 (hierarchical)
    Elapsed: 0.010s  Memory: 3052.00M
"not" in: sky130A_mr.drc:501
    Polygons (raw): 0 (flat)  0 (hierarchical)
    Elapsed: 0.050s  Memory: 3052.00M
"output" in: sky130A_mr.drc:501
    Polygons (raw): 0 (flat)  0 (hierarchical)
    Elapsed: 0.010s  Memory: 3052.00M
"enclosing" in: sky130A_mr.drc:503
    Edge pairs: 11179 (flat)  11179 (hierarchical)
    Elapsed: 0.100s  Memory: 3052.00M
"second_edges" in: sky130A_mr.drc:503
    Edges: 11179 (flat)  11179 (hierarchical)
    Elapsed: 0.010s  Memory: 3052.00M
"width" in: sky130A_mr.drc:504
    Edge pairs: 0 (flat)  0 (hierarchical)
    Elapsed: 0.090s  Memory: 3052.00M
"polygons" in: sky130A_mr.drc:505
    Polygons (raw): 0 (flat)  0 (hierarchical)
    Elapsed: 0.010s  Memory: 3052.00M
"interacting" in: sky130A_mr.drc:505
    Polygons (raw): 0 (flat)  0 (hierarchical)
    Elapsed: 0.030s  Memory: 3052.00M
"output" in: sky130A_mr.drc:506
    Polygons (raw): 0 (flat)  0 (hierarchical)
    Elapsed: 0.010s  Memory: 3052.00M
m4
"width" in: sky130A_mr.drc:511
    Edge pairs: 0 (flat)  0 (hierarchical)
    Elapsed: 0.040s  Memory: 3052.00M
"output" in: sky130A_mr.drc:511
    Edge pairs: 0 (flat)  0 (hierarchical)
    Elapsed: 0.010s  Memory: 3052.00M
"sized" in: sky130A_mr.drc:513
    Polygons (raw): 180 (flat)  180 (hierarchical)
    Elapsed: 0.020s  Memory: 3052.00M
"sized" in: sky130A_mr.drc:513
    Polygons (raw): 180 (flat)  180 (hierarchical)
    Elapsed: 0.020s  Memory: 3052.00M
"snap" in: sky130A_mr.drc:513
    Polygons (raw): 180 (flat)  180 (hierarchical)
    Elapsed: 0.060s  Memory: 3052.00M
"&" in: sky130A_mr.drc:513
    Polygons (raw): 180 (flat)  180 (hierarchical)
    Elapsed: 0.020s  Memory: 3052.00M
"edges" in: sky130A_mr.drc:514
    Edges: 1868 (flat)  1868 (hierarchical)
    Elapsed: 0.050s  Memory: 3052.00M
"-" in: sky130A_mr.drc:514
    Edges: 1148 (flat)  1148 (hierarchical)
    Elapsed: 0.060s  Memory: 3052.00M
"edges" in: sky130A_mr.drc:515
    Edges: 720 (flat)  720 (hierarchical)
    Elapsed: 0.010s  Memory: 3052.00M
"merged" in: sky130A_mr.drc:515
    Polygons (raw): 272 (flat)  272 (hierarchical)
    Elapsed: 0.010s  Memory: 3052.00M
"outside_part" in: sky130A_mr.drc:515
    Edges: 720 (flat)  720 (hierarchical)
    Elapsed: 0.020s  Memory: 3052.00M
"space" in: sky130A_mr.drc:517
    Edge pairs: 0 (flat)  0 (hierarchical)
    Elapsed: 0.090s  Memory: 3052.00M
"output" in: sky130A_mr.drc:517
    Edge pairs: 0 (flat)  0 (hierarchical)
    Elapsed: 0.000s  Memory: 3052.00M
"with_area" in: sky130A_mr.drc:519
    Polygons (raw): 0 (flat)  0 (hierarchical)
    Elapsed: 0.020s  Memory: 3052.00M
"output" in: sky130A_mr.drc:519
    Polygons (raw): 0 (flat)  0 (hierarchical)
    Elapsed: 0.010s  Memory: 3052.00M
"separation" in: sky130A_mr.drc:521
    Edge pairs: 0 (flat)  0 (hierarchical)
    Elapsed: 0.040s  Memory: 3052.00M
"space" in: sky130A_mr.drc:521
    Edge pairs: 0 (flat)  0 (hierarchical)
    Elapsed: 0.010s  Memory: 3052.00M
"+" in: sky130A_mr.drc:521
    Edge pairs: 0 (flat)  0 (hierarchical)
    Elapsed: 0.010s  Memory: 3052.00M
"output" in: sky130A_mr.drc:521
    Edge pairs: 0 (flat)  0 (hierarchical)
    Elapsed: 0.010s  Memory: 3052.00M
"enclosing" in: sky130A_mr.drc:524
    Edge pairs: 0 (flat)  0 (hierarchical)
    Elapsed: 0.060s  Memory: 3052.00M
"output" in: sky130A_mr.drc:524
    Edge pairs: 0 (flat)  0 (hierarchical)
    Elapsed: 0.000s  Memory: 3052.00M
"not" in: sky130A_mr.drc:525
    Polygons (raw): 0 (flat)  0 (hierarchical)
    Elapsed: 0.050s  Memory: 3052.00M
"output" in: sky130A_mr.drc:525
    Polygons (raw): 0 (flat)  0 (hierarchical)
    Elapsed: 0.010s  Memory: 3052.00M
via4
"drc" in: sky130A_mr.drc:530
    Polygons (raw): 0 (flat)  0 (hierarchical)
    Elapsed: 0.130s  Memory: 3052.00M
"not" in: sky130A_mr.drc:531
    Polygons (raw): 12060 (flat)  12060 (hierarchical)
    Elapsed: 0.010s  Memory: 3052.00M
"not" in: sky130A_mr.drc:532
    Polygons (raw): 12060 (flat)  12060 (hierarchical)
    Elapsed: 0.010s  Memory: 3052.00M
"non_rectangles" in: sky130A_mr.drc:533
    Polygons (raw): 0 (flat)  0 (hierarchical)
    Elapsed: 0.010s  Memory: 3052.00M
"output" in: sky130A_mr.drc:533
    Polygons (raw): 0 (flat)  0 (hierarchical)
    Elapsed: 0.010s  Memory: 3052.00M
"width" in: sky130A_mr.drc:534
    Edge pairs: 0 (flat)  0 (hierarchical)
    Elapsed: 0.020s  Memory: 3052.00M
"output" in: sky130A_mr.drc:534
    Edge pairs: 0 (flat)  0 (hierarchical)
    Elapsed: 0.000s  Memory: 3052.00M
"edges" in: sky130A_mr.drc:535
    Edges: 48240 (flat)  48240 (hierarchical)
    Elapsed: 0.060s  Memory: 3052.00M
"without_length" in: sky130A_mr.drc:535
    Edges: 0 (flat)  0 (hierarchical)
    Elapsed: 0.180s  Memory: 3052.00M
"output" in: sky130A_mr.drc:535
    Edges: 0 (flat)  0 (hierarchical)
    Elapsed: 0.000s  Memory: 3052.00M
"space" in: sky130A_mr.drc:538
    Edge pairs: 0 (flat)  0 (hierarchical)
    Elapsed: 0.040s  Memory: 3052.00M
"output" in: sky130A_mr.drc:538
    Edge pairs: 0 (flat)  0 (hierarchical)
    Elapsed: 0.010s  Memory: 3052.00M
"width" in: sky130A_mr.drc:539
    Edge pairs: 0 (flat)  0 (hierarchical)
    Elapsed: 0.040s  Memory: 3052.00M
"output" in: sky130A_mr.drc:539
    Edge pairs: 0 (flat)  0 (hierarchical)
    Elapsed: 0.010s  Memory: 3052.00M
"drc" in: sky130A_mr.drc:540
    Edge pairs: 0 (flat)  0 (hierarchical)
    Elapsed: 0.000s  Memory: 3052.00M
"output" in: sky130A_mr.drc:540
    Edge pairs: 0 (flat)  0 (hierarchical)
    Elapsed: 0.010s  Memory: 3052.00M
"not" in: sky130A_mr.drc:541
    Polygons (raw): 0 (flat)  0 (hierarchical)
    Elapsed: 0.010s  Memory: 3052.00M
"output" in: sky130A_mr.drc:541
    Polygons (raw): 0 (flat)  0 (hierarchical)
    Elapsed: 0.010s  Memory: 3052.00M
"enclosing" in: sky130A_mr.drc:542
    Edge pairs: 0 (flat)  0 (hierarchical)
    Elapsed: 0.080s  Memory: 3052.00M
"output" in: sky130A_mr.drc:542
    Edge pairs: 0 (flat)  0 (hierarchical)
    Elapsed: 0.010s  Memory: 3052.00M
"not" in: sky130A_mr.drc:543
    Polygons (raw): 0 (flat)  0 (hierarchical)
    Elapsed: 0.050s  Memory: 3052.00M
"output" in: sky130A_mr.drc:543
    Polygons (raw): 0 (flat)  0 (hierarchical)
    Elapsed: 0.010s  Memory: 3052.00M
m5
"width" in: sky130A_mr.drc:547
    Edge pairs: 0 (flat)  0 (hierarchical)
    Elapsed: 0.030s  Memory: 3052.00M
"output" in: sky130A_mr.drc:547
    Edge pairs: 0 (flat)  0 (hierarchical)
    Elapsed: 0.010s  Memory: 3052.00M
"space" in: sky130A_mr.drc:549
    Edge pairs: 0 (flat)  0 (hierarchical)
    Elapsed: 0.010s  Memory: 3052.00M
"output" in: sky130A_mr.drc:549
    Edge pairs: 0 (flat)  0 (hierarchical)
    Elapsed: 0.010s  Memory: 3052.00M
"enclosing" in: sky130A_mr.drc:552
    Edge pairs: 0 (flat)  0 (hierarchical)
    Elapsed: 0.050s  Memory: 3052.00M
"output" in: sky130A_mr.drc:552
    Edge pairs: 0 (flat)  0 (hierarchical)
    Elapsed: 0.010s  Memory: 3052.00M
"not" in: sky130A_mr.drc:553
    Polygons (raw): 0 (flat)  0 (hierarchical)
    Elapsed: 0.030s  Memory: 3052.00M
"output" in: sky130A_mr.drc:553
    Polygons (raw): 0 (flat)  0 (hierarchical)
    Elapsed: 0.010s  Memory: 3052.00M
"with_area" in: sky130A_mr.drc:555
    Polygons (raw): 0 (flat)  0 (hierarchical)
    Elapsed: 0.030s  Memory: 3052.00M
"output" in: sky130A_mr.drc:555
    Polygons (raw): 0 (flat)  0 (hierarchical)
    Elapsed: 0.010s  Memory: 3052.00M
pad
"isolated" in: sky130A_mr.drc:559
    Edge pairs: 0 (flat)  0 (hierarchical)
    Elapsed: 0.040s  Memory: 3052.00M
"output" in: sky130A_mr.drc:559
    Edge pairs: 0 (flat)  0 (hierarchical)
    Elapsed: 0.010s  Memory: 3052.00M
Writing report database: /home/derek/mpw_proj/caravel_des/precheck_results/12_DEC_2021___02_42_29/outputs/reports/klayout_beol_check.xml ..
Total elapsed: 1614.770s  Memory: 2980.00M
